88234
8823
92200
500
38.75373899866717
1.1372017353579176
0.37906724511930584
31958
----
1000
303.42648895756645
1.6740130151843817
0.5580043383947939
42410
----
1500
914.4858246830495
1.9935357917570498
0.6645119305856833
47671
----
2000
1906.9330774659309
2.1874945770065075
0.7291648590021692
50941
----
2500
3315.6775781675424
2.349045553145336
0.7830151843817788
52778
----
3000
5064.799739138958
2.4470824295010845
0.8156941431670282
53736
----
3500
7160.931249864859
2.5193167028199563
0.8397722342733188
54213
----
4000
9664.922572009686
2.5949023861171367
0.8649674620390455
54385
----
4500
12417.063669683535
2.639609544468547
0.8798698481561822
54269
----
5000
15474.210504251545
2.6685032537960955
0.8895010845986985
54185
----
5500
18730.286860501234
2.6904338394793927
0.8968112798264642
53760
----
6000
22386.392753241846
2.7138286334056403
0.9046095444685467
53524
----
6500
26318.499002250937
2.7344577006507595
0.9114859002169198
53211
----
7000
30499.07075633659
2.7470498915401302
0.9156832971800434
52924
----
7500
34763.65115552383
2.756811279826464
0.9189370932754881
52362
----
8000
39414.150557702415
2.7639045553145336
0.9213015184381779
52043
----
8500
44162.20592998651
2.7671258134490238
0.9223752711496747
51593
----
9000
49030.22105402317
2.766409978308026
0.9221366594360086
51105
----
9500
54155.70926254352
2.768394793926247
0.9227982646420825
50625
----
10000
59819.6643093607
2.7796854663774404
0.9265618221258134
50262
----
10500
65674.46983250452
2.7843383947939264
0.9281127982646421
49967
----
11000
71652.38307042695
2.7890238611713665
0.9296746203904556
49588
----
11500
77826.82641153804
2.794295010845987
0.9314316702819957
49186
----
12000
84438.41346451144
2.7914316702819955
0.9304772234273319
49060
----
12500
91037.82609008423
2.7978091106290672
0.9326030368763557
48636
----
13000
98242.39427963756
2.8029501084598696
0.9343167028199566
48436
----
13500
105880.27047238819
2.8092299349240784
0.9364099783080261
48298
----
14000
113179.8454824729
2.8084490238611712
0.9361496746203904
48019
----
14500
120628.33578277785
2.809815618221258
0.9366052060737527
47687
----
15000
127086.1462160779
2.8073752711496747
0.9357917570498916
46987
----
15500
135256.1468198073
2.8145986984815616
0.9381995661605206
46713
----
16000
143518.7921207804
2.816290672451193
0.938763557483731
46489
----
16500
152189.18229125263
2.811735357917571
0.9372451193058569
46430
----
17000
160013.74685142506
2.8054880694143165
0.9351626898047722
46090
----
17500
168204.48968491837
2.811767895878525
0.9372559652928416
45618
----
18000
177175.04640503266
2.8217895878524946
0.9405965292841648
45257
----
18500
186002.40709225833
2.818731019522777
0.9395770065075922
45027
----
19000
194050.61366822326
2.820650759219089
0.9402169197396963
44505
----
19500
202825.7584495662
2.8145010845986986
0.9381670281995662
44259
----
20000
211566.9489808853
2.806561822125813
0.9355206073752711
44011
----
20500
221874.0414719665
2.8264425162689806
0.9421475054229935
43622
----
21000
232135.65843374465
2.8314533622559654
0.9438177874186551
43415
----
21500
242686.0058955768
2.8360737527114965
0.9453579175704989
43231
----
22000
252688.9899198736
2.8264750542299346
0.9421583514099783
43136
----
22500
264469.64171389607
2.8290130151843815
0.9430043383947939
43124
----
23000
276257.3001286559
2.815997830802603
0.9386659436008676
43308
----
23500
288537.03299661935
2.8261496746203907
0.9420498915401302
43173
----
24000
300854.81173458893
2.827451193058568
0.9424837310195228
43140
----
24500
311416.62769528426
2.8256290672451194
0.9418763557483731
42878
----
25000
321006.6378663589
2.828167028199566
0.9427223427331887
42410
----
25500
334350.1888317864
2.835683297180043
0.9452277657266811
42345
----
26000
343981.1916529919
2.83265726681128
0.9442190889370933
41950
----
26500
357376.98055251903
2.8418329718004336
0.9472776572668112
41819
----
27000
368365.9612073923
2.830119305856833
0.9433731019522776
41695
----
27500
381435.23441444116
2.828524945770065
0.9428416485900217
41642
----
28000
397324.69016343
2.8369522776572667
0.9456507592190889
41717
----
28500
410291.31860932906
2.8402386117136658
0.9467462039045553
41532
----
29000
424298.014027944
2.841507592190889
0.9471691973969631
41463
----
29500
437584.7849491491
2.836366594360087
0.9454555314533623
41399
----
30000
449737.7973038598
2.847527114967462
0.949175704989154
40981
----
30500
462601.16205784277
2.841767895878525
0.9472559652928416
40865
----
31000
477992.02329875395
2.8413123644251623
0.9471041214750542
40880
----
31500
488108.67503032385
2.8331453362255963
0.9443817787418655
40547
----
32000
502667.9013734869
2.8388069414316703
0.9462689804772234
40381
----
32500
518871.54745591275
2.8505856832971803
0.9501952277657267
40243
----
33000
528501.6412569934
2.8324295010845986
0.9441431670281996
40012
----
33500
542011.6527055445
2.825759219088937
0.9419197396963124
39913
----
34000
559298.3829031195
2.838644251626898
0.9462147505422993
39802
----
34500
574415.4112560718
2.8443383947939265
0.9481127982646421
39622
----
35000
590067.0995536294
2.845704989154013
0.9485683297180043
39528
----
35500
600009.8891417736
2.840889370932755
0.9469631236442516
39136
----
36000
616483.6164344385
2.845639913232104
0.9485466377440347
39036
----
36500
634507.5622821029
2.83968546637744
0.9465618221258134
39166
----
37000
645391.5508834986
2.8298590021691976
0.9432863340563992
38903
----
37500
660691.9370983217
2.8275488069414316
0.9425162689804772
38802
----
38000
683474.8967785221
2.844403470715835
0.9481344902386117
38859
----
38500
700664.6136628377
2.851626898047722
0.9505422993492407
38710
----
39000
720421.4370005401
2.8479175704989155
0.9493058568329718
38838
----
39500
738700.5163102273
2.844663774403471
0.9482212581344902
38866
----
40000
749873.000758572
2.8388069414316703
0.9462689804772234
38553
----
40500
773655.9935813916
2.856377440347072
0.9521258134490239
38561
----
41000
786986.7036734397
2.8581344902386117
0.9527114967462039
38251
----
41500
800446.4399498279
2.855303687635575
0.951767895878525
38011
----
42000
820426.500338669
2.8474945770065077
0.9491648590021692
38142
----
42500
837527.6207930474
2.8488611713665946
0.9496203904555315
38008
----
43000
851927.0012326703
2.842581344902386
0.947527114967462
37851
----
43500
865611.4283665852
2.854197396963124
0.9513991323210412
37427
----
44000
887803.0100585701
2.8570932754880696
0.9523644251626898
37481
----
44500
904933.901137617
2.8443383947939265
0.9481127982646421
37518
----
45000
920763.2055928642
2.858785249457701
0.9529284164859002
37142
----
45500
935040.2616624024
2.8480151843817785
0.9493383947939262
37033
----
46000
955050.6136357457
2.859891540130152
0.9532971800433839
36854
----
46500
972960.1866480701
2.86324295010846
0.95441431670282
36699
----
47000
987645.4665139039
2.8662689804772232
0.9554229934924078
36426
----
47500
1002518.4465865983
2.854457700650759
0.9514859002169197
36350
----
48000
1018101.3998190393
2.8548481561822125
0.9516160520607375
36145
----
48500
1042880.6827941244
2.8595986984815616
0.9531995661605206
36205
----
49000
1067570.8614418763
2.8632754880694145
0.9544251626898048
36263
----
49500
1090894.9511328647
2.8760629067245116
0.9586876355748373
36149
----
50000
1098803.3678426438
2.856409978308026
0.9521366594360087
35932
----
50500
1124248.440532555
2.8642516268980476
0.9547505422993492
35941
----
51000
1137425.4172055307
2.8547830802603036
0.9515943600867679
35771
----
51500
1156852.8887573676
2.856540130151844
0.9521800433839479
35657
----
52000
1181880.541314344
2.8566377440347073
0.9522125813449024
35730
----
52500
1208107.3323948008
2.860509761388286
0.9535032537960955
35782
----
53000
1224000.146142762
2.862917570498915
0.9543058568329718
35542
----
53500
1240900.290800422
2.854229934924078
0.951409978308026
35470
----
54000
1266678.0186760353
2.8744034707158352
0.9581344902386117
35290
----
54500
1278923.2936571331
2.8730368763557483
0.9576789587852494
34997
----
55000
1295307.7286000443
2.8706290672451193
0.9568763557483732
34833
----
55500
1322159.5022935222
2.8711496746203906
0.9570498915401302
34911
----
56000
1340003.2798879452
2.8692624728850324
0.9564208242950109
34776
----
56500
1368807.3009104335
2.8876789587852496
0.9625596529284165
34675
----
57000
1380832.6250899457
2.868286334056399
0.9560954446854664
34601
----
57500
1395695.2460364108
2.865520607375271
0.955173535791757
34401
----
58000
1428869.8979688694
2.854229934924078
0.951409978308026
34751
----
58500
1449046.0145058397
2.858590021691974
0.9528633405639914
34589
----
59000
1478232.273705557
2.8643817787418655
0.9547939262472885
34620
----
59500
1503510.3292366934
2.8667570498915405
0.9555856832971801
34594
----
60000
1512099.8852279983
2.8684490238611713
0.9561496746203905
34194
----
60500
1535117.9068422965
2.862754880694143
0.9542516268980478
34211
----
61000
1551942.6266632976
2.873590021691974
0.9578633405639914
33893
----
61500
1590688.80790946
2.877429501084599
0.9591431670281996
34131
----
62000
1616251.4754365415
2.8831236442516266
0.9610412147505423
34055
----
62500
1639332.9363566285
2.8766811279826463
0.9588937093275488
34067
----
63000
1660975.776072528
2.8872234273318873
0.9624078091106291
33847
----
63500
1688961.6210487708
2.8920390455531453
0.9640130151843818
33821
----
64000
1709998.170096434
2.8757700650759217
0.9585900216919739
33900
----
64500
1737521.4466966456
2.8903145336225595
0.9634381778741865
33743
----
65000
1742776.643500975
2.8771366594360086
0.9590455531453362
33479
----
65500
1774415.1838068836
2.869132321041215
0.9563774403470716
33662
----
66000
1794114.2449064672
2.8704989154013014
0.9568329718004338
33506
----
66500
1827957.4217558897
2.865097613882863
0.9550325379609544
33690
----
67000
1878057.8251161848
2.8775596529284164
0.9591865509761388
33951
----
67500
1903484.3674758533
2.8660412147505423
0.9553470715835141
34039
----
68000
1930581.2802834737
2.8772668112798265
0.9590889370932755
33885
----
68500
1949555.606227343
2.8692950108459874
0.9564316702819957
33814
----
69000
1989371.0313642924
2.8801626898047723
0.9600542299349241
33878
----
69500
2015525.5607114153
2.8738177874186555
0.9579392624728851
33906
----
70000
2047370.7903920824
2.865162689804772
0.9550542299349241
34054
----
70500
2094825.10328593
2.8924295010845986
0.9641431670281996
34027
----
71000
2103091.4664404043
2.8853036876355747
0.961767895878525
33765
----
71500
2131547.9847855833
2.891550976138829
0.9638503253796096
33672
----
72000
2145477.2354927096
2.878112798264642
0.9593709327548807
33579
----
72500
2173393.416389555
2.8666919739696315
0.9555639913232105
33682
----
73000
2211995.930755336
2.870108459869848
0.9567028199566161
33772
----
73500
2247311.2189088683
2.8784381778741865
0.9594793926247288
33748
----
74000
2267990.9425711012
2.862917570498915
0.9543058568329718
33782
----
74500
2294953.3952302537
2.8738503253796095
0.9579501084598698
33598
----
75000
2310465.5344032994
2.863177874186551
0.9543926247288503
33500
----
75500
2371842.6009291457
2.8886225596529282
0.9628741865509761
33637
----
76000
2397398.5939665544
2.889013015184382
0.9630043383947939
33549
----
76500
2440467.7738756235
2.8967245119305858
0.9655748373101952
33617
----
77000
2456314.6145765716
2.892592190889371
0.9641973969631237
33445
----
77500
2472197.0864890832
2.885238611713666
0.9617462039045553
33313
----
78000
2498069.449989475
2.87765726681128
0.9592190889370933
33319
----
78500
2543056.625881923
2.899067245119306
0.9663557483731019
33241
----
79000
2572105.360725258
2.8884924078091108
0.9628308026030369
33318
----
79500
2615591.512315601
2.896236442516269
0.965412147505423
33367
----
80000
2643137.571004849
2.8838720173535792
0.961290672451193
33441
----
80500
2659387.5388810816
2.870303687635575
0.956767895878525
33387
----
81000
2708738.1548374677
2.8806832971800436
0.9602277657266811
33467
----
81500
2726315.9970957376
2.8755097613882863
0.9585032537960955
33332
----
82000
2776852.9951189966
2.877234273318872
0.9590780911062907
33517
----
82500
2819749.0236473386
2.8950976138828635
0.9650325379609545
33416
----
83000
2850894.05666981
2.8789913232104123
0.9596637744034707
33566
----
p:  1 , triangle cnt:  2881855.947563923
