88234
8823
92200
500
40.13333898010014
1.177353579175705
0.39245119305856835
31967
----
1000
306.4458562970303
1.6825379609544466
0.5608459869848156
42615
----
1500
909.8767655331023
1.9804555314533623
0.6601518438177875
47744
----
2000
1911.8190139694761
2.196117136659436
0.7320390455531454
50871
----
2500
3309.004877158367
2.344718004338395
0.7815726681127982
52769
----
3000
5095.087893715412
2.4526789587852496
0.8175596529284165
53934
----
3500
7257.506179463649
2.5288503253796097
0.8429501084598698
54737
----
4000
9813.626834723136
2.6043709327548807
0.8681236442516269
55021
----
4500
12633.695228119064
2.646117136659436
0.8820390455531454
55080
----
5000
15719.340801453929
2.6716268980477222
0.8905422993492408
54979
----
5500
19119.121511427296
2.7027982646420825
0.9009327548806941
54625
----
6000
22775.43358254275
2.7134381778741865
0.9044793926247289
54462
----
6500
26673.297260633815
2.724370932754881
0.908123644251627
54128
----
7000
30935.87657210481
2.7328958785249458
0.9109652928416486
53960
----
7500
35365.20065155509
2.735401301518438
0.9118004338394794
53685
----
8000
40142.89189522809
2.743112798264642
0.9143709327548807
53407
----
8500
45227.93568866222
2.751247288503254
0.9170824295010847
53143
----
9000
50371.88269273503
2.7461388286334056
0.9153796095444685
52891
----
9500
55727.94166889323
2.7454555314533624
0.9151518438177875
52530
----
10000
61514.52624391821
2.7673210412147506
0.9224403470715835
51917
----
10500
66892.87631835228
2.749652928416486
0.9165509761388286
51536
----
11000
72531.37981196397
2.750466377440347
0.916822125813449
50900
----
11500
78662.5277299329
2.736344902386117
0.912114967462039
50767
----
12000
84834.87080462191
2.735726681127983
0.9119088937093276
50294
----
12500
92189.27118800157
2.7459110629067243
0.9153036876355748
50182
----
13000
98840.81605008164
2.7299023861171365
0.9099674620390455
50035
----
13500
104749.44387523117
2.7035466377440347
0.9011822125813449
49650
----
14000
112220.48397569673
2.7158134490238615
0.9052711496746204
49236
----
14500
121319.64598418675
2.7329609544468547
0.9109869848156182
49309
----
15000
127296.08408538342
2.70322125813449
0.9010737527114967
48878
----
15500
135471.014904445
2.7024403470715836
0.9008134490238612
48729
----
16000
144734.90375030323
2.7288611713665945
0.9096203904555314
48385
----
16500
150688.1408992727
2.6853904555314534
0.8951301518438178
48135
----
17000
163541.58747420515
2.761529284164859
0.9205097613882863
47856
----
17500
169308.83345602077
2.7068655097613883
0.9022885032537961
47697
----
18000
177945.94356152552
2.710281995661605
0.9034273318872017
47324
----
18500
186497.9471376394
2.7001301518438177
0.9000433839479393
47130
----
19000
196686.86284637218
2.715
0.905
46865
----
19500
205706.89644009393
2.6855531453362254
0.8951843817787418
47043
----
20000
213722.44473235382
2.6687635574837314
0.8895878524945771
46755
----
20500
225805.03318370003
2.695412147505423
0.898470715835141
46553
----
21000
234291.8151667036
2.681420824295011
0.8938069414316703
46270
----
21500
245230.87157082846
2.680542299349241
0.8935140997830803
46219
----
22000
251833.3740330297
2.634305856832972
0.8781019522776573
46126
----
22500
267301.08871063625
2.6733839479392625
0.8911279826464208
46123
----
23000
280545.8996968569
2.702993492407809
0.900997830802603
45819
----
23500
290139.13283390977
2.689880694143167
0.8966268980477223
45612
----
24000
300026.73482267815
2.6815509761388285
0.8938503253796095
45362
----
24500
310931.0254777244
2.675759219088937
0.8919197396963123
45209
----
25000
319659.4845959699
2.6470281995661606
0.8823427331887201
45122
----
25500
335269.68224198045
2.67322125813449
0.8910737527114967
45042
----
26000
338819.9359820196
2.6148156182212583
0.8716052060737527
44763
----
26500
351356.4994003126
2.6226247288503255
0.8742082429501085
44551
----
27000
364183.3507539876
2.6185574837310197
0.8728524945770065
44552
----
27500
378834.5835403655
2.646540130151844
0.882180043383948
44202
----
28000
385965.2094788068
2.6245444685466377
0.8748481561822126
43804
----
28500
394370.83903797716
2.586540130151844
0.8621800433839479
43836
----
29000
411968.56148800586
2.6195661605206073
0.8731887201735358
43669
----
29500
421537.30535629776
2.5916811279826466
0.8638937093275488
43646
----
30000
443194.45663450786
2.6457917570498917
0.8819305856832972
43464
----
30500
459972.0130889327
2.649826464208243
0.8832754880694144
43576
----
31000
473755.8419664574
2.6560412147505423
0.8853470715835141
43344
----
31500
482655.05521617463
2.648882863340564
0.8829609544468546
42883
----
32000
498872.0812065539
2.6680477223427332
0.889349240780911
42641
----
32500
505776.0367932047
2.6209652928416487
0.8736550976138828
42664
----
33000
512919.46546972776
2.5984490238611713
0.8661496746203905
42329
----
33500
539395.6106350231
2.6775488069414317
0.8925162689804772
41919
----
34000
542207.2402910701
2.6026789587852495
0.8675596529284165
42084
----
34500
565650.3021533412
2.653405639913232
0.884468546637744
41825
----
35000
582836.1542896708
2.6786225596529283
0.8928741865509762
41479
----
35500
593801.6210890226
2.664761388286334
0.8882537960954446
41291
----
36000
592003.4980985398
2.588232104121475
0.8627440347071583
41214
----
36500
606380.3264130979
2.600466377440347
0.866822125813449
40873
----
37000
634143.6505425485
2.6718872017353577
0.8906290672451193
40485
----
37500
629325.6810747044
2.5854989154013017
0.8618329718004338
40420
----
38000
643828.0228702466
2.566594360086768
0.855531453362256
40567
----
38500
677268.1833414583
2.6234381778741866
0.8744793926247288
40672
----
39000
703750.7211251593
2.661344902386117
0.887114967462039
40599
----
39500
714352.9934402667
2.6450108459869845
0.8816702819956616
40422
----
40000
708133.2008291816
2.56470715835141
0.8549023861171366
40298
----
40500
744090.5793749104
2.642180043383948
0.8807266811279827
40094
----
41000
773385.1455275124
2.6809652928416483
0.8936550976138828
40074
----
41500
789785.7016418292
2.696941431670282
0.8989804772234273
39707
----
42000
810196.3815938849
2.6976247288503252
0.8992082429501085
39759
----
42500
832606.5220725953
2.7291540130151843
0.9097180043383948
39442
----
43000
835583.0547809978
2.678232104121475
0.8927440347071584
39403
----
43500
853843.6541095256
2.663459869848156
0.8878199566160521
39562
----
44000
859219.4307380044
2.6330368763557486
0.8776789587852495
39361
----
44500
855019.3117933407
2.5630477223427333
0.854349240780911
39339
----
45000
875150.4444581575
2.566984815618221
0.8556616052060737
39315
----
45500
916161.5013217042
2.636453362255965
0.8788177874186551
39197
----
46000
922354.2874877129
2.600401301518438
0.8668004338394794
39144
----
46500
958288.4705700602
2.642570498915401
0.8808568329718004
39164
----
47000
998550.6944280253
2.7104772234273318
0.9034924078091107
38945
----
47500
1006314.888964597
2.6866268980477224
0.8955422993492408
38767
----
48000
979887.2216397683
2.5702060737527113
0.8567353579175705
38641
----
48500
1004466.8378989936
2.585986984815618
0.861995661605206
38561
----
49000
1037948.1468103793
2.627603036876356
0.8758676789587853
38419
----
49500
1036249.3976121434
2.5993275488069414
0.8664425162689805
37994
----
50000
1061549.3760116894
2.6060954446854665
0.8686984815618222
38048
----
50500
1118275.9160783363
2.693882863340564
0.8979609544468546
38011
----
51000
1133813.603228421
2.6811930585683297
0.8937310195227766
37966
----
51500
1176740.3116069995
2.7271366594360087
0.9090455531453362
37991
----
52000
1152519.0198797765
2.6222993492407807
0.8740997830802603
37956
----
52500
1171018.114325785
2.62529284164859
0.8750976138828633
37791
----
53000
1222934.2325389101
2.6921908893709325
0.8973969631236443
37763
----
53500
1214022.4798948253
2.635412147505423
0.878470715835141
37583
----
54000
1237467.0237943504
2.6339154013015182
0.8779718004338395
37624
----
54500
1242219.297072637
2.606127982646421
0.8687093275488069
37474
----
55000
1280577.414153013
2.6318655097613886
0.8772885032537961
37561
----
55500
1270514.5013464394
2.5703687635574837
0.8567895878524946
37473
----
56000
1273544.6826961173
2.5360412147505422
0.8453470715835141
37394
----
56500
1375023.8613518737
2.702082429501085
0.9006941431670282
37225
----
57000
1331837.513697541
2.5811388286334056
0.8603796095444686
37086
----
57500
1367475.746131543
2.6098047722342734
0.8699349240780911
37008
----
58000
1391679.468540547
2.624869848156182
0.8749566160520608
36804
----
58500
1426497.8142229707
2.6347939262472884
0.8782646420824295
36943
----
59000
1470728.3213986591
2.6733188720173535
0.8911062906724512
36906
----
59500
1476148.9908469724
2.6331995661605205
0.8777331887201736
36977
----
60000
1484999.9026144962
2.6144251626898045
0.8714750542299349
36844
----
60500
1536260.0710624657
2.647646420824295
0.8825488069414317
37018
----
61000
1542006.4000836855
2.592104121475054
0.8640347071583514
37333
----
61500
1602555.6145854676
2.6591648590021695
0.8863882863340564
37208
----
62000
1539310.6545157004
2.512581344902386
0.837527114967462
37217
----
62500
1590127.0944543874
2.554164859002169
0.8513882863340564
37217
----
63000
1657005.1256401206
2.6140997830802606
0.8713665943600868
37294
----
63500
1718256.6451812834
2.6735140997830804
0.8911713665943601
37220
----
64000
1734008.9350907996
2.6550325379609543
0.8850108459869848
37234
----
64500
1766592.419981605
2.6644360086767898
0.8881453362255965
37216
----
65000
1751469.4866414298
2.6102603036876357
0.8700867678958786
37086
----
65500
1801750.0144949579
2.658188720173536
0.8860629067245119
36893
----
66000
1872901.5012160067
2.716887201735358
0.9056290672451193
36955
----
66500
1883096.2472336995
2.6926464208242953
0.8975488069414317
36929
----
67000
1858910.752351598
2.6318655097613886
0.8772885032537961
36742
----
67500
1896460.095723789
2.6437418655097615
0.8812472885032538
36765
----
68000
1947966.5088133276
2.6751735357917568
0.8917245119305857
36773
----
68500
1990184.4856258458
2.683763557483731
0.894587852494577
36905
----
69000
1993299.4982340487
2.63970715835141
0.8799023861171367
37037
----
69500
2027577.6157827922
2.646605206073753
0.8822017353579176
37037
----
70000
2047164.2248094503
2.6238611713665945
0.8746203904555314
37182
----
70500
2074493.8204343566
2.634273318872017
0.8780911062906724
36999
----
71000
2196372.3148242827
2.7505639913232107
0.9168546637744035
36990
----
71500
2254580.524946635
2.7850867678958786
0.9283622559652929
36977
----
72000
2191656.563106305
2.6670715835140997
0.8890238611713666
37016
----
72500
2228893.8240214484
2.6889045553145334
0.8963015184381778
36826
----
73000
2261452.647199192
2.696062906724512
0.8986876355748373
36756
----
73500
2333843.6101836697
2.7397939262472883
0.9132646420824295
36821
----
74000
2289474.192583531
2.650932754880694
0.8836442516268981
36829
----
74500
2357226.0171741564
2.683177874186551
0.8943926247288503
36962
----
75000
2340754.3635262474
2.621290672451193
0.873763557483731
37071
----
75500
2391241.891275657
2.6475488069414315
0.8825162689804772
37000
----
76000
2503674.553964814
2.7463665943600866
0.9154555314533622
36856
----
76500
2534998.0666015
2.7609761388286334
0.9203253796095444
36636
----
77000
2559882.9931652397
2.758991323210412
0.9196637744034707
36543
----
77500
2575777.603437287
2.739891540130152
0.9132971800433839
36550
----
78000
2553063.439350199
2.6772885032537963
0.8924295010845987
36601
----
78500
2578023.5823637075
2.6681127982646418
0.8893709327548807
36615
----
79000
2564438.625475309
2.627668112798265
0.8758893709327549
36516
----
79500
2637560.6674630335
2.6653470715835144
0.8884490238611714
36562
----
80000
2696881.3181847525
2.6886117136659435
0.8962039045553145
36599
----
80500
2722108.0496758586
2.6989587852494576
0.8996529284164859
36344
----
81000
2770210.762090893
2.708524945770065
0.9028416485900217
36402
----
81500
2765300.1843573493
2.6796312364425163
0.8932104121475054
36280
----
82000
2784107.9913073294
2.6667462039045553
0.8889154013015185
36257
----
82500
2917944.923897245
2.7589587852494577
0.9196529284164859
36286
----
83000
2885762.4326944402
2.702830802603037
0.900943600867679
36191
----
p:  1 , triangle cnt:  2877180.6859544725
