C:\Users\Sola\AppData\Local\Programs\Python\Python36\python.exe C:/Users/Sola/PycharmProjects/triangle-counting/linear_py.py
8923
892
927
500
649.6942176508597
1.3592233009708738
0.45307443365695793
4577
----
1000
4416.5135617571505
2.029126213592233
0.6763754045307443
5200
----
1500
12176.824764473102
2.3462783171521036
0.7820927723840345
5507
----
2000
23620.769836363375
2.482200647249191
0.8274002157497303
5678
----
2500
38993.737478255345
2.5792880258899675
0.8597626752966558
5772
----
3000
58184.483556143765
2.6245954692556634
0.8748651564185544
5877
----
3500
82346.07559997897
2.676375404530744
0.8921251348435815
5992
----
4000
111878.96468996494
2.7475728155339807
0.9158576051779935
6071
----
4500
144698.44348118218
2.792880258899676
0.9309600862998921
6103
----
5000
179435.0871919054
2.7896440129449838
0.9298813376483279
6137
----
5500
221478.54168629125
2.838187702265372
0.9460625674217907
6153
----
6000
264142.65882284794
2.838187702265372
0.9460625674217907
6166
----
6500
314205.10025706916
2.857605177993528
0.9525350593311759
6207
----
7000
365766.5373707469
2.8640776699029127
0.9546925566343042
6216
----
7500
423540.7742332796
2.8640776699029127
0.9546925566343042
6270
----
8000
482785.6674966238
2.851132686084142
0.9503775620280475
6310
----
p:  0.1 , triangle cnt:  512536.2678026361
26452
2645
7882
500
187.8101534025586
1.3138797259578787
0.43795990865262624
12044
----
1000
1341.6574974195935
1.9228622177112409
0.6409540725704136
14668
----
1500
3794.438297626921
2.2505709210860187
0.750190307028673
15742
----
2000
7591.468959996006
2.428698299923877
0.8095660999746257
16411
----
2500
12801.446143159686
2.5432631311849785
0.8477543770616595
16910
----
3000
19038.036778373815
2.5916011164679014
0.8638670388226338
17136
----
3500
26950.641167045556
2.6669626998223803
0.88898756660746
17317
----
4000
36271.623541227265
2.7118751585891907
0.9039583861963969
17547
----
4500
46544.388992121465
2.735853844201979
0.9119512814006597
17634
----
5000
58717.68055180892
2.7605937579294597
0.9201979193098199
17857
----
5500
72371.1082965469
2.787997970058361
0.9293326566861203
18010
----
6000
86228.43113207641
2.7876173560010153
0.9292057853336717
18033
----
6500
101871.9280865099
2.7994163917787365
0.9331387972595788
18076
----
7000
119806.28902285016
2.8214920071047955
0.9404973357015985
18186
----
7500
138052.71308310924
2.826820603907638
0.9422735346358793
18220
----
8000
158177.8621384949
2.8450900786602387
0.9483633595534129
18230
----
8500
180709.0398697581
2.859553412839381
0.9531844709464603
18355
----
9000
203355.2703172214
2.8652626236995684
0.9550875412331895
18387
----
9500
226483.30064209193
2.8610758690687645
0.9536919563562548
18406
----
10000
252423.11094585116
2.867546308043644
0.9558487693478812
18472
----
10500
279090.92936007056
2.8713524486171025
0.9571174828723674
18500
----
11000
308890.98356933834
2.876300431362598
0.9587668104541994
18624
----
11500
338974.51132117497
2.8861963968535904
0.9620654656178634
18635
----
12000
371432.3323283399
2.900279116975387
0.9667597056584624
18662
----
12500
404491.9360338377
2.8869576249682822
0.9623192083227607
18816
----
13000
439525.2110887918
2.89723420451662
0.9657447348388734
18836
----
13500
477384.85906011116
2.89723420451662
0.9657447348388734
18971
----
14000
514077.965048656
2.887338239025628
0.9624460796752093
19061
----
14500
553273.9208348274
2.900659731032733
0.966886577010911
19036
----
15000
592767.1149943721
2.9120781527531086
0.9706927175843695
18983
----
15500
635068.8398931518
2.9196904339000254
0.9732301446333418
18997
----
16000
674921.3236341113
2.9204516620147167
0.973483887338239
18942
----
16500
719947.165231028
2.9193098198426797
0.9731032732808932
19007
----
17000
762310.877767285
2.9120781527531086
0.9706927175843695
19006
----
17500
809234.601021852
2.9147424511545292
0.9715808170515098
19022
----
18000
855081.6759389235
2.9223547323014465
0.9741182441004821
18949
----
18500
905678.5668692483
2.928825171276326
0.9762750570921086
18958
----
19000
955723.2490587161
2.923496574473484
0.974498858157828
19001
----
19500
1005526.4838146385
2.922735346358792
0.9742451154529307
18984
----
20000
1057386.897368746
2.9295863993910176
0.9765287997970058
18933
----
20500
1116725.3951851989
2.936056838365897
0.9786856127886323
18990
----
21000
1175663.8423424598
2.9356762243085512
0.9785587414361837
19054
----
21500
1237183.3525262256
2.9398629789393556
0.9799543263131185
19102
----
22000
1288622.4514646654
2.9391017508246637
0.9797005836082212
19007
----
22500
1354789.4862725926
2.952803856889114
0.9842679522963714
19016
----
23000
1413509.6256528068
2.9451915757421974
0.9817305252473991
19036
----
23500
1478652.7540652573
2.9402435929967012
0.9800811976655671
19107
----
24000
1545548.480175607
2.948236488200964
0.982745496066988
19096
----
24500
1609547.560782263
2.937198680537935
0.9790662268459782
19155
----
p:  0.3 , triangle cnt:  1632306.2970527064
43891
4389
22340
500
92.67875319106825
1.1773052820053715
0.3924350940017905
18266
----
1000
717.9442840542009
1.7884512085944495
0.5961504028648165
23240
----
1500
2089.280398527359
2.1189346463742167
0.7063115487914056
25353
----
2000
4233.810519290838
2.3109668755595343
0.7703222918531781
26489
----
2500
7138.248755492628
2.4363921217547
0.8121307072515667
27106
----
3000
10809.229815014549
2.5123992837958817
0.8374664279319606
27638
----
3500
15252.018938929286
2.5701432408236347
0.8567144136078783
28005
----
4000
20467.80941984488
2.618621307072516
0.8728737690241719
28239
----
4500
26261.51834560658
2.638764547896151
0.8795881826320502
28408
----
5000
32840.659742659234
2.6687108325872875
0.8895702775290958
28451
----
5500
40326.21938828034
2.7006714413607877
0.9002238137869293
28530
----
6000
48360.78531645848
2.7181289167412714
0.9060429722470904
28564
----
6500
57163.59037139516
2.7461951656222023
0.9153983885407341
28474
----
7000
66820.80405469293
2.7637869292748434
0.9212623097582812
28516
----
7500
76822.91545046696
2.7758728737690244
0.9252909579230081
28434
----
8000
87839.6904189912
2.7902417188898836
0.9300805729632945
28427
----
8500
99905.21344715994
2.794673231871083
0.9315577439570277
28594
----
9000
112059.47566568053
2.8017905102954344
0.9339301700984781
28535
----
9500
126366.02552804853
2.8173679498657114
0.9391226499552372
28720
----
10000
140481.47684847107
2.8201880035810207
0.9400626678603402
28786
----
10500
154693.5895002127
2.8267681289167412
0.9422560429722471
28684
----
11000
169856.79258907607
2.8328111011638315
0.9442703670546105
28636
----
11500
186639.69118681995
2.835228290062668
0.945076096687556
28764
----
12000
202848.80054079855
2.831871083258729
0.9439570277529096
28745
----
12500
220028.20230870123
2.8415398388540734
0.9471799462846912
28637
----
13000
237957.7705597365
2.848388540734109
0.9494628469113697
28565
----
13500
257236.790898242
2.8569829901521935
0.9523276633840645
28548
----
14000
276104.1898802903
2.86101163831692
0.9536705461056401
28452
----
14500
295804.7040391089
2.859803043867502
0.9532676812891674
28428
----
15000
315663.86858054745
2.858057296329454
0.9526857654431513
28365
----
15500
335697.93247727916
2.8631602506714415
0.9543867502238138
28200
----
16000
357913.8009303739
2.870008952551477
0.9566696508504924
28149
----
16500
380028.7395642904
2.8683974932855865
0.9561324977618622
28120
----
17000
406667.7518956412
2.877126230975828
0.9590420769919427
28261
----
17500
430088.3852395522
2.883974932855864
0.9613249776186213
28138
----
18000
453851.294034992
2.871888988361683
0.9572963294538943
28184
----
18500
481679.5014962833
2.8815577439570275
0.9605192479856759
28222
----
19000
507516.0194918402
2.8820948970456577
0.9606982990152193
28186
----
19500
536191.4720937787
2.8850492390331244
0.9616830796777082
28242
----
20000
564770.8410740931
2.8865264100268577
0.9621754700089525
28264
----
20500
593288.1179516319
2.8884064458370635
0.9628021486123545
28242
----
21000
621105.5421164958
2.884512085944494
0.9615040286481648
28213
----
21500
650372.0539387257
2.8850492390331244
0.9616830796777082
28179
----
22000
682996.7595765464
2.8896150402864818
0.9632050134288273
28218
----
22500
715484.375184223
2.895658012533572
0.9652193375111907
28202
----
23000
748752.2672068859
2.8991495076096685
0.9663831692032229
28210
----
23500
783650.8567132741
2.9069382273948077
0.9689794091316025
28206
----
24000
816446.420320129
2.8949865711727845
0.9649955237242615
28291
----
24500
855559.921014042
2.907206803939123
0.9690689346463742
28329
----
25000
887335.6273313256
2.907475380483438
0.9691584601611459
28215
----
25500
926517.7723402123
2.9082811101163832
0.969427036705461
28309
----
26000
965669.8230145689
2.9084153983885406
0.9694717994628469
28380
----
26500
1000130.5130369002
2.9027752909579227
0.967591763652641
28349
----
27000
1037899.1751934522
2.9027752909579227
0.967591763652641
28340
----
27500
1076772.5211597118
2.898478066248881
0.9661593554162936
28384
----
28000
1126733.0716039606
2.907475380483438
0.9691584601611459
28561
----
28500
1168148.2218005671
2.91123545210385
0.9704118173679499
28544
----
29000
1209253.1288878412
2.916472694717995
0.9721575649059983
28487
----
29500
1242620.200767399
2.9174127126230975
0.9724709042076992
28280
----
30000
1285305.8612593936
2.9084153983885406
0.9694717994628469
28372
----
30500
1324808.4459908179
2.904923903312444
0.9683079677708147
28327
----
31000
1370213.822498905
2.913384064458371
0.9711280214861235
28278
----
31500
1419893.0615590937
2.9250671441360785
0.9750223813786929
28267
----
32000
1468445.4366677091
2.918487018800358
0.972829006266786
28391
----
32500
1514509.9046764842
2.915666965085049
0.971888988361683
28415
----
33000
1565131.0339044898
2.924664279319606
0.9748880931065353
28394
----
33500
1607461.3564564332
2.9162041181736797
0.9720680393912265
28380
----
34000
1654692.2179239574
2.9131154879140553
0.9710384959713518
28391
----
34500
1702660.806578361
2.911101163831692
0.970367054610564
28393
----
35000
1760897.824731158
2.9254700089525514
0.9751566696508505
28391
----
35500
1812216.0999851164
2.9233213965980305
0.9744404655326768
28422
----
36000
1867854.5348340238
2.934601611459266
0.9782005371530886
28377
----
36500
1905639.8093212922
2.9260071620411816
0.9753357206803939
28246
----
37000
1955627.8529251218
2.916472694717995
0.9721575649059983
28301
----
37500
2013209.3713432215
2.9215756490599825
0.9738585496866607
28313
----
38000
2072187.1719240288
2.9205013428827216
0.9735004476275738
28391
----
38500
2141471.054078545
2.93272157564906
0.9775738585496867
28464
----
39000
2193588.0009995005
2.935810205908684
0.9786034019695613
28384
----
39500
2250767.121928003
2.9350044762757386
0.9783348254252462
28399
----
40000
2308351.151027655
2.927887197851388
0.9759623992837959
28471
----
40500
2361629.594035239
2.939301700984781
0.9797672336615936
28303
----
41000
2415908.4555308986
2.93272157564906
0.9775738585496867
28315
----
p:  0.5 , triangle cnt:  2444256.3821402024
61719
6171
46652
500
59.69722124631408
1.1392437623253022
0.3797479207751007
24038
----
1000
437.24055175596106
1.6195447140529882
0.5398482380176627
30900
----
1500
1309.847099854289
1.9436465746377434
0.6478821915459144
34258
----
2000
2740.6616976256737
2.167302580811112
0.722434193603704
36147
----
2500
4769.111603232905
2.3473591700248653
0.782453056674955
37161
----
3000
7350.490698116155
2.467289719626168
0.822429906542056
37836
----
3500
10414.075237442954
2.5393766612363886
0.8464588870787962
38262
----
4000
13932.884563629736
2.6026536911600786
0.8675512303866929
38237
----
4500
17927.11327390846
2.6449669896253107
0.8816556632084369
38249
----
5000
22305.40570369105
2.6672168395781535
0.8890722798593844
38225
----
5500
27133.685928799543
2.690302666552345
0.8967675555174484
38098
----
6000
32575.858830744997
2.714353082397325
0.9047843607991083
38092
----
6500
38524.397458111474
2.7378890508445513
0.9126296836148504
38053
----
7000
45115.74693153257
2.7634185029580722
0.9211395009860242
38069
----
7500
51673.2475781779
2.768498671010889
0.922832890336963
37912
----
8000
59073.18265640488
2.7807811026322558
0.926927034210752
37924
----
8500
66527.70040305126
2.7940924290491296
0.9313641430163766
37652
----
9000
74426.13261813951
2.8112621109491553
0.9370873703163851
37342
----
9500
82687.84567237146
2.8174354797221985
0.9391451599073994
37153
----
10000
91437.22716327179
2.81569921975478
0.9385664065849267
37101
----
10500
101199.8622217837
2.820264940409843
0.9400883134699477
37184
----
11000
110940.61547641257
2.823094401097488
0.941031467032496
37104
----
11500
121146.31851374223
2.819621881162651
0.9398739603875503
37116
----
12000
131948.17352019873
2.8189788219154592
0.9396596073051531
37135
----
12500
143865.67055027027
2.8239303781188374
0.9413101260396125
37249
----
13000
154700.64109187663
2.8196861870873704
0.9398953956957901
37088
----
13500
167114.57274393926
2.8363414215896423
0.9454471405298808
36933
----
14000
178302.75704352392
2.8278530395267083
0.9426176798422361
36751
----
14500
190832.1073662287
2.832675983880648
0.9442253279602161
36605
----
15000
204250.27751233033
2.836727257137958
0.9455757523793192
36558
----
15500
216732.1596906441
2.8265026151076054
0.9421675383692018
36461
----
16000
231722.38226652102
2.8431578496098773
0.9477192832032925
36370
----
16500
247836.465862189
2.8423218725885278
0.9474406241961759
36588
----
17000
263780.3640580586
2.8575623767469778
0.9525207922489926
36489
----
17500
279450.20978240424
2.856083340478436
0.9520277801594786
36498
----
18000
293709.7091813326
2.8558261167795593
0.9519420389265197
36262
----
18500
308855.26673324354
2.8483666295121326
0.9494555431707108
36193
----
19000
322974.52898841765
2.8578196004458545
0.9526065334819515
35763
----
19500
338435.65392385336
2.8620637914773215
0.9540212638257738
35525
----
20000
354282.19491761643
2.8430935436851583
0.9476978478950527
35588
----
20500
371546.5839289389
2.8515819257480923
0.9505273085826974
35418
----
21000
388309.7425073853
2.857755294521135
0.9525850981737117
35198
----
21500
407141.05103309226
2.8625782388750753
0.9541927462916917
35149
----
22000
427220.8488241885
2.8726099631312696
0.9575366543770899
35102
----
22500
443954.3953422967
2.8650218640144045
0.9550072880048015
34966
----
23000
459538.6742097267
2.860713367058218
0.9535711223527394
34689
----
23500
479512.38013131096
2.8665652062076656
0.9555217354025551
34602
----
24000
500438.5935788546
2.8773686015604905
0.9591228671868302
34493
----
24500
520590.69510499533
2.8674011832290147
0.9558003944096716
34552
----
25000
542230.1543226416
2.8722241275829545
0.9574080425276515
34505
----
25500
562006.6442332973
2.863285604046986
0.9544285346823287
34482
----
26000
584183.03874739
2.8705521735402555
0.9568507245134185
34390
----
26500
604515.5803263646
2.8675941010031725
0.9558647003343909
34292
----
27000
627186.8371116752
2.86939466689531
0.9564648889651033
34251
----
27500
648820.6169663544
2.8722241275829545
0.9574080425276515
34122
----
28000
680662.7183541002
2.879104861527909
0.959701620509303
34447
----
28500
709620.3073569129
2.8910657635256793
0.9636885878418932
34520
----
29000
727868.7589379491
2.8823201577638686
0.9607733859212896
34301
----
29500
751231.089991135
2.8740889993998113
0.9580296664666038
34310
----
30000
776837.2531710344
2.869458972820029
0.956486324273343
34362
----
30500
808809.762687327
2.8709380090885706
0.9569793363628569
34595
----
31000
839078.8501730938
2.8783331904312783
0.9594443968104261
34652
----
31500
864187.0710555442
2.873253022378462
0.9577510074594873
34626
----
32000
897941.7693967152
2.8822558518391497
0.9607519506130499
34754
----
32500
921872.2398992442
2.8934450827402896
0.9644816942467632
34457
----
33000
947116.7557186012
2.8838634999571293
0.9612878333190431
34450
----
33500
979719.5160221875
2.882448769613307
0.960816256537769
34597
----
34000
1016359.7395692741
2.8807125096458885
0.9602375032152962
34864
----
34500
1048725.0404082877
2.892802023493098
0.964267341164366
34793
----
35000
1069450.0276166755
2.8911300694503987
0.9637100231501329
34494
----
35500
1098163.2908303218
2.8986538626425444
0.9662179542141816
34340
----
36000
1124326.343329127
2.88862213838635
0.9628740461287834
34307
----
36500
1151968.4755616474
2.8859212895481434
0.9619737631827145
34226
----
37000
1179228.9555799263
2.8964031552773726
0.9654677184257909
33972
----
37500
1213991.2113771508
2.9083640572751435
0.9694546857583812
33907
----
38000
1238168.057200117
2.899939981136929
0.9666466603789763
33776
----
38500
1269337.746783097
2.901033181857155
0.9670110606190517
33720
----
39000
1299970.6026217313
2.889522421332419
0.9631741404441396
33788
----
39500
1342906.9116228705
2.897689273771757
0.9658964245905857
33930
----
40000
1379356.5944515306
2.8992326159650177
0.9664108719883392
33967
----
40500
1417519.122264816
2.891773128697591
0.9639243762325302
34138
----
41000
1453435.467704154
2.8929949412672555
0.9643316470890851
34140
----
41500
1495489.1001748124
2.9082997513504245
0.9694332504501415
34106
----
42000
1533470.8219574296
2.9118365772099803
0.9706121924033267
34103
----
42500
1571269.667259501
2.9033481951470463
0.9677827317156821
34226
----
43000
1611335.9616129373
2.9120294949841377
0.9706764983280459
34185
----
43500
1643143.362070698
2.9125439423818915
0.9708479807939638
34057
----
44000
1675958.1096332099
2.9063062676841294
0.9687687558947098
34025
----
44500
1707673.995065851
2.891901740547029
0.9639672468490097
34063
----
45000
1744555.858493938
2.896724684900969
0.9655748949669897
33973
----
45500
1781198.2543001855
2.904377089942553
0.9681256966475178
33839
----
46000
1823628.1639747717
2.90463431364143
0.9682114378804767
33893
----
46500
1866522.0460691927
2.913058389779645
0.9710194632598816
33850
----
47000
1913547.5361977108
2.918331475606619
0.9727771585355397
33907
----
47500
1954030.5940115664
2.9253408214010115
0.9751136071336706
33818
----
48000
1981075.8450889124
2.9125439423818915
0.9708479807939638
33723
----
48500
2020990.2883729048
2.909328646145932
0.9697762153819772
33734
----
49000
2045869.5355113915
2.9048915373403066
0.9682971791134356
33507
----
49500
2086717.2127781755
2.9135085312526794
0.9711695104175598
33390
----
50000
2129290.3936119145
2.923154419960559
0.9743848066535197
33283
----
50500
2176442.452184601
2.92707708136843
0.9756923604561434
33305
----
51000
2207520.095368514
2.9157592386178512
0.9719197462059505
33250
----
51500
2245302.7014000705
2.918009945983023
0.9726699819943411
33140
----
52000
2280191.33118379
2.914022978650433
0.9713409928834776
33056
----
52500
2340937.510103236
2.9158878504672896
0.9719626168224299
33272
----
53000
2360794.762478658
2.906627797307725
0.9688759324359084
33029
----
53500
2409372.2552898
2.9048272314155876
0.9682757438051959
33102
----
54000
2468024.4449753882
2.9157592386178512
0.9719197462059505
33158
----
54500
2519129.393708001
2.9049558432650264
0.9683186144216754
33350
----
55000
2592007.6360847433
2.9147946497470634
0.9715982165823545
33580
----
55500
2630096.033568518
2.9147303438223444
0.9715767812741147
33463
----
56000
2674847.9574317085
2.9200034296493182
0.9733344765497728
33367
----
56500
2705523.391708463
2.914987567521221
0.9716625225070736
33212
----
57000
2748678.9500720296
2.9170453571122352
0.9723484523707451
33129
----
57500
2795670.044598563
2.9196819000257226
0.9732273000085742
33082
----
58000
2871961.4262565356
2.9344722627111377
0.9781574209037126
33233
----
p:  0.7 , triangle cnt:  2874044.5236915303
88234
8823
92200
500
39.44191470305731
1.1451409978308025
0.38171366594360084
32300
----
1000
302.96209092882475
1.6482104121475056
0.5494034707158352
43008
----
1500
919.1899685948498
1.9710845986984817
0.6570281995661605
48462
----
2000
1926.0098195164578
2.1704772234273317
0.7234924078091106
51854
----
2500
3335.1708001718243
2.3218112798264645
0.7739370932754881
53711
----
3000
5113.947499556332
2.425997830802603
0.8086659436008676
54729
----
3500
7274.493125631891
2.5110520607375273
0.8370173535791757
55254
----
4000
9823.333359411652
2.588785249457701
0.8629284164859002
55407
----
4500
12687.61584209821
2.6350216919739697
0.8783405639913232
55548
----
5000
15864.439916720774
2.6801518438177876
0.8933839479392625
55310
----
5500
19282.260597467826
2.7087527114967465
0.9029175704989154
54970
----
6000
23005.427502500017
2.7329609544468547
0.9109869848156182
54619
----
6500
26952.51399487974
2.749587852494577
0.916529284164859
54193
----
7000
31275.322875615744
2.762114967462039
0.920704989154013
53975
----
7500
35899.939633869275
2.777537960954447
0.9258459869848156
53670
----
8000
40733.21894702221
2.7868438177874184
0.9289479392624729
53342
----
8500
45815.09986132248
2.7954338394793927
0.9318112798264642
52982
----
9000
50971.16981960219
2.7888286334056396
0.9296095444685466
52701
----
9500
56224.325933158296
2.7914316702819955
0.9304772234273319
52125
----
10000
61843.28453295665
2.794652928416486
0.9315509761388286
51684
----
10500
67593.01246874242
2.800932754880694
0.933644251626898
51122
----
11000
73634.08220171885
2.8075054229934926
0.9358351409978308
50624
----
11500
80055.17999393384
2.8066268980477225
0.9355422993492408
50372
----
12000
86720.43639515352
2.7989804772234272
0.9329934924078092
50250
----
12500
93598.34857242566
2.803861171366594
0.9346203904555315
49896
----
13000
101266.1427255754
2.8078308026030365
0.9359436008676789
49840
----
13500
107964.81984916687
2.808253796095445
0.9360845986984816
49266
----
14000
115515.1168502745
2.806203904555314
0.9354013015184381
49049
----
14500
123191.52603682049
2.81619305856833
0.9387310195227766
48590
----
15000
130802.87508157203
2.8137852494577005
0.9379284164859002
48251
----
15500
139445.8397751327
2.8231561822125815
0.9410520607375271
48014
----
16000
147724.69460628528
2.8180802603036876
0.9393600867678958
47821
----
16500
156524.1123188552
2.815184381778742
0.9383947939262473
47694
----
17000
164963.07538918816
2.8182754880694145
0.9394251626898048
47300
----
17500
174111.43718724351
2.8189913232104122
0.9396637744034707
47099
----
18000
182360.55081400974
2.8209761388286334
0.9403253796095444
46595
----
18500
191028.7293793011
2.8229284164859
0.9409761388286334
46175
----
19000
200637.63880137546
2.8257917570498914
0.9419305856832971
45932
----
19500
211138.45870375456
2.836041214750542
0.945347071583514
45723
----
20000
220165.379880913
2.83382863340564
0.9446095444685466
45359
----
20500
230721.8228188874
2.830281995661605
0.9434273318872017
45300
----
21000
242904.1252424591
2.8384490238611715
0.9461496746203905
45317
----
21500
252451.33094106405
2.8269305856832974
0.9423101952277657
45116
----
22000
262991.57310329174
2.816420824295011
0.9388069414316703
45055
----
22500
275245.75392294367
2.831355748373102
0.9437852494577007
44844
----
23000
286738.2067382099
2.838481561822126
0.9461605206073753
44595
----
23500
296334.29987589584
2.8387418655097614
0.9462472885032538
44143
----
24000
306213.58788608515
2.834837310195228
0.944945770065076
43794
----
24500
318132.82083688164
2.827483731019523
0.9424945770065076
43774
----
25000
329431.0219202437
2.832592190889371
0.9441973969631237
43455
----
25500
341149.8484547954
2.8343167028199567
0.9447722342733189
43227
----
26000
352772.4843945434
2.8318763557483733
0.9439587852494578
43034
----
26500
364689.4941504743
2.8398156182212584
0.9466052060737528
42705
----
27000
376618.6829875668
2.8297288503253792
0.9432429501084598
42635
----
27500
390740.1657870301
2.83382863340564
0.9446095444685466
42578
----
28000
402756.0870840686
2.836366594360087
0.9454555314533623
42296
----
28500
416734.7317218682
2.824652928416486
0.9415509761388287
42417
----
29000
433085.99126926623
2.835195227765727
0.9450650759219089
42416
----
29500
450796.78311651474
2.849056399132321
0.9496854663774403
42459
----
30000
464311.39575112535
2.846583514099783
0.9488611713665943
42323
----
30500
477408.13305672107
2.851301518438178
0.9504338394793926
42032
----
31000
493768.39121658116
2.8547830802603036
0.9515943600867679
42030
----
31500
504634.64145427005
2.842353579175705
0.9474511930585683
41784
----
32000
520202.0624299418
2.8453145336225596
0.9484381778741866
41694
----
32500
536330.6951977998
2.8572559652928415
0.9524186550976139
41500
----
33000
551744.3220179348
2.8528958785249454
0.9509652928416485
41472
----
33500
567298.4561925452
2.8478524945770065
0.9492841648590021
41451
----
34000
581854.0912911088
2.8520173535791757
0.9506724511930585
41213
----
34500
594505.0409241586
2.8526681127982645
0.9508893709327548
40888
----
35000
611420.1321287454
2.8536767895878525
0.9512255965292842
40844
----
35500
631188.5470686252
2.873882863340564
0.9579609544468547
40697
----
36000
640977.0000846274
2.8601518438177873
0.9533839479392625
40381
----
36500
660899.3209087339
2.866887201735358
0.9556290672451193
40408
----
37000
671781.192754474
2.860639913232104
0.9535466377440347
40058
----
37500
693308.8353523966
2.8680911062906724
0.9560303687635575
40142
----
38000
709441.5850037067
2.8661713665943602
0.9553904555314534
40029
----
38500
724618.4216372337
2.842353579175705
0.9474511930585683
40164
----
39000
746711.7119855543
2.8563123644251625
0.9521041214750542
40137
----
39500
771551.1959481669
2.858069414316703
0.9526898047722343
40404
----
40000
790741.6884620488
2.8626898047722342
0.954229934924078
40315
----
40500
810242.9988946874
2.8550759219088935
0.9516919739696312
40403
----
41000
835399.4193327974
2.873069414316703
0.9576898047722343
40393
----
41500
862792.5524292578
2.8789587852494574
0.9596529284164859
40635
----
42000
878370.8978172883
2.8663665943600867
0.9554555314533623
40567
----
42500
895915.1998547649
2.850943600867679
0.9503145336225597
40628
----
43000
917948.9529100619
2.8640238611713666
0.9546746203904556
40479
----
43500
942615.9207789657
2.8720607375271148
0.957353579175705
40503
----
44000
963717.8349933471
2.872906724511931
0.9576355748373102
40462
----
44500
985931.4945450004
2.877787418655098
0.9592624728850325
40401
----
45000
999819.8653350992
2.8626898047722342
0.954229934924078
40276
----
45500
1025203.9783274956
2.8643817787418655
0.9547939262472885
40372
----
46000
1039684.218775513
2.8640238611713666
0.9546746203904556
40062
----
46500
1048583.0200671474
2.8623318872017354
0.9541106290672451
39564
----
47000
1064623.9692539508
2.8637960954446857
0.9545986984815619
39299
----
47500
1080466.965138039
2.863470715835141
0.9544902386117137
39053
----
48000
1094690.312330275
2.8620715835141
0.9540238611713666
38766
----
48500
1115341.9847494285
2.877104121475054
0.9590347071583514
38485
----
49000
1134805.058003422
2.8743709327548808
0.9581236442516269
38398
----
49500
1150971.964735417
2.8704013015184384
0.9568004338394794
38215
----
50000
1170552.780226071
2.853449023861171
0.9511496746203905
38318
----
50500
1201668.8062217108
2.8690347071583515
0.9563449023861171
38352
----
51000
1225068.0910891907
2.8745010845986982
0.9581670281995661
38263
----
51500
1237422.6436235104
2.861518438177874
0.9538394793926247
38074
----
52000
1262059.7123097617
2.8798047722342734
0.9599349240780911
37847
----
52500
1279425.2371398958
2.868026030368764
0.9560086767895879
37795
----
53000
1310653.3982259212
2.869945770065076
0.956648590021692
37965
----
53500
1317747.0759043226
2.858524945770065
0.9528416485900217
37610
----
54000
1345473.2117128095
2.876648590021692
0.9588828633405639
37456
----
54500
1365524.666876496
2.8750216919739695
0.9583405639913232
37341
----
55000
1396908.0457114254
2.8846203904555314
0.9615401301518438
37383
----
55500
1416923.0783698363
2.872776572668113
0.957592190889371
37392
----
56000
1434397.9840306076
2.8838069414316703
0.9612689804772234
37038
----
56500
1455871.5438395364
2.8738503253796095
0.9579501084598698
37058
----
57000
1464396.6725714258
2.843101952277657
0.947700650759219
37020
----
57500
1506609.989927466
2.852830802603037
0.9509436008676789
37300
----
58000
1531334.2726759564
2.8599891540130153
0.9533297180043384
37168
----
58500
1549852.8453746836
2.8676030368763556
0.9558676789587852
36879
----
59000
1575675.7794819393
2.876550976138829
0.9588503253796096
36746
----
59500
1603940.392458467
2.8871583514099783
0.9623861171366594
36644
----
60000
1628568.944848283
2.8854338394793926
0.9618112798264642
36611
----
60500
1662204.6980951384
2.891811279826464
0.963937093275488
36671
----
61000
1694180.9717939277
2.8823427331887204
0.9607809110629068
36887
----
61500
1726243.867809224
2.8831561822125815
0.9610520607375271
36966
----
62000
1734552.1417211809
2.8720932754880693
0.9573644251626898
36688
----
62500
1768602.6798744944
2.8757700650759217
0.9585900216919739
36765
----
63000
1786861.7875281207
2.8718655097613883
0.9572885032537961
36607
----
63500
1818813.6245936716
2.862429501084599
0.9541431670281996
36798
----
64000
1865832.283049789
2.8815618221258132
0.9605206073752711
36915
----
64500
1889840.4331935402
2.882700650759219
0.9609002169197397
36798
----
65000
1924113.3854892976
2.8755422993492408
0.9585140997830802
36983
----
65500
1976450.7735784082
2.8927223427331885
0.9642407809110629
37189
----
66000
2001203.970711272
2.89119305856833
0.9637310195227766
37106
----
66500
2018351.4531911996
2.8883947939262473
0.9627982646420824
36899
----
67000
2059493.40730735
2.899360086767896
0.9664533622559653
36951
----
67500
2082668.0932365723
2.8830911062906726
0.9610303687635575
37023
----
68000
2110546.8877515187
2.868416485900217
0.9561388286334056
37158
----
68500
2138437.118375161
2.873947939262473
0.9579826464208243
37030
----
69000
2170220.63602323
2.875477223427332
0.9584924078091106
37018
----
69500
2196074.4150840985
2.87648590021692
0.95882863340564
36909
----
70000
2248236.9930193867
2.8988069414316704
0.9662689804772234
36961
----
70500
2248114.05460229
2.880748373101952
0.9602494577006507
36665
----
71000
2278914.785682773
2.8804880694143167
0.9601626898047723
36649
----
71500
2282657.217440157
2.8691973969631235
0.9563991323210412
36340
----
72000
2313815.8635684913
2.8757049891540127
0.9585683297180043
36244
----
72500
2357040.9697899492
2.872516268980477
0.9575054229934924
36454
----
73000
2389463.8868176634
2.8749566160520605
0.9583188720173536
36420
----
73500
2419333.6940353927
2.8832212581344905
0.9610737527114968
36271
----
74000
2451427.063045584
2.889370932754881
0.9631236442516269
36180
----
74500
2476936.5307036387
2.8895661605206073
0.9631887201735357
36065
----
75000
2498188.7658789856
2.8857917570498914
0.9619305856832971
35938
----
75500
2526155.2324028327
2.885596529284165
0.9618655097613883
35863
----
76000
2570841.99085338
2.892885032537961
0.964295010845987
35928
----
76500
2599345.7499751523
2.8955531453362258
0.9651843817787419
35820
----
77000
2639990.318269141
2.8951626898047724
0.9650542299349241
35914
----
77500
2673774.989577314
2.8903145336225595
0.9634381778741865
35966
----
78000
2702392.505926889
2.8836767895878523
0.9612255965292842
35969
----
78500
2749903.175918574
2.9030043383947937
0.9676681127982646
35896
----
79000
2757541.7577827093
2.889468546637744
0.9631561822125814
35708
----
79500
2801105.213595939
2.896041214750542
0.9653470715835141
35736
----
80000
2811789.2935032486
2.877787418655098
0.9592624728850325
35650
----
80500
2853905.769619044
2.8943817787418658
0.9647939262472885
35531
----
81000
2882856.16084431
2.8862147505422993
0.9620715835140998
35550
----
81500
2933402.7421513684
2.876941431670282
0.9589804772234274
35846
----
82000
2975222.6734972633
2.8731019522776573
0.9577006507592191
35963
----
82500
3025242.924046457
2.874989154013015
0.9583297180043384
36102
----
83000
3081644.840167918
2.8888503253796096
0.9629501084598698
36159
----
p:  1 , triangle cnt:  3098574.402120834

Process finished with exit code 0
