C:\Users\Sola\AppData\Local\Programs\Python\Python36\python.exe C:/Users/Sola/PycharmProjects/triangle-counting/linear_py.py
8766
5000
5000
500
0.0
0.0
0.0
20637
----
1000
2.0889544436087215
0.006
0.002
26159
----
1500
17.607462078831766
0.020399999999999998
0.0068
28803
----
2000
79.26531212661732
0.04920000000000001
0.0164
30232
----
2500
234.4754896365273
0.0906
0.0302
31075
----
3000
503.141220094699
0.1326
0.0442
31635
----
3500
967.3954552914583
0.186
0.062
31855
----
4000
1634.2602988716942
0.2382
0.0794
32170
----
4500
2662.776685200336
0.30479999999999996
0.1016
32364
----
5000
4083.2211924000003
0.378
0.126
32413
----
5500
5893.864267587895
0.45180000000000003
0.1506
32349
----
6000
8004.940861121343
0.516
0.172
32324
----
6500
10273.602738744132
0.5658
0.1886
32236
----
7000
13141.66135825181
0.624
0.208
32238
----
7500
16642.725484987397
0.6900000000000001
0.23
32162
----
8000
20591.375999580254
0.7524000000000001
0.2508
32073
----
8500
25295.06351313967
0.8190000000000001
0.273
32062
----
p:  0.1 , triangle cnt:  27950.226692298456
26387
5000
5000
500
0.1611936539627926
0.0024000000000000002
0.0008
20226
----
1000
2.2734299075095024
0.0066
0.0022
25881
----
1500
20.537022782476498
0.024
0.008
28556
----
2000
87.0398881870294
0.0546
0.0182
29914
----
2500
242.35291066187642
0.09480000000000001
0.0316
30696
----
3000
521.6913516550991
0.1398
0.0466
31112
----
3500
1022.6959078979797
0.19980000000000003
0.0666
31350
----
4000
1704.9827559445891
0.255
0.085
31351
----
4500
2700.112282507982
0.3174
0.1058
31515
----
5000
4096.000636
0.39
0.13
31514
----
5500
5779.672750492932
0.45480000000000004
0.1516
31513
----
6000
8092.337206818483
0.5346
0.1782
31540
----
6500
10820.64616919539
0.6102
0.2034
31482
----
7000
14048.223201251258
0.6864
0.2288
31329
----
7500
17310.417072215707
0.7373999999999999
0.2458
31302
----
8000
21103.156364162132
0.7926
0.2642
31203
----
8500
25530.1353317891
0.8538000000000001
0.2846
31041
----
9000
30627.885247259892
0.9138
0.3046
31035
----
9500
36431.23432433129
0.9743999999999999
0.3248
31071
----
10000
43586.73003595448
1.0536
0.3512
31027
----
10500
51397.61122059115
1.1286
0.3762
30980
----
11000
58795.879616390805
1.1760000000000002
0.392
30989
----
11500
67567.33624374153
1.23
0.41
31152
----
12000
75886.95585792276
1.2726000000000002
0.4242
31057
----
12500
86070.06890460732
1.332
0.444
31015
----
13000
97084.53383262869
1.3878
0.4626
31044
----
13500
108129.97691365774
1.4249999999999998
0.475
31225
----
14000
120094.28287573004
1.4747999999999999
0.4916
31158
----
14500
131692.581480315
1.5095999999999998
0.5032
31117
----
15000
145011.3261554429
1.5575999999999999
0.5192
31031
----
15500
159425.5403622952
1.6014000000000002
0.5338
31076
----
16000
173830.14395371577
1.6421999999999999
0.5474
31009
----
16500
187360.9010257052
1.6710000000000003
0.557
30886
----
17000
202688.02494035295
1.7124
0.5708
30715
----
17500
219576.09062596684
1.7645999999999997
0.5882
30471
----
18000
237138.27883240973
1.7952000000000001
0.5984
30575
----
18500
252883.38133771665
1.8222
0.6074
30409
----
19000
269601.3646815717
1.8504
0.6168
30267
----
19500
286014.20086107304
1.8678000000000001
0.6226
30200
----
20000
307077.6075995371
1.8965999999999998
0.6322
30355
----
20500
327258.3664974628
1.9260000000000002
0.642
30321
----
21000
348388.936010845
1.9607999999999999
0.6536
30214
----
21500
371273.9175130853
1.9937999999999998
0.6646
30210
----
22000
389956.4340472647
2.0106
0.6702
30051
----
22500
410907.33964142686
2.0214
0.6738
30112
----
23000
432376.50233164086
2.043
0.681
30002
----
23500
456400.9168417123
2.07
0.69
29940
----
24000
482480.3717054829
2.097
0.699
29955
----
24500
506542.0684955484
2.1108000000000002
0.7036
29981
----
25000
529819.5142760647
2.1186000000000003
0.7062
30006
----
25500
551509.7441896851
2.118
0.706
30030
----
26000
583083.4331861045
2.1546
0.7182
30021
----
p:  0.3 , triangle cnt:  603474.2172146344
44149
5000
5000
500
0.0
0.0
0.0
20399
----
1000
1.8393803267613522
0.0054
0.0018
25593
----
1500
20.247191567273457
0.024
0.008
28153
----
2000
71.06950528265654
0.045
0.015
29636
----
2500
205.20506126477295
0.081
0.027
30419
----
3000
491.39666323776754
0.132
0.044
31037
----
3500
933.8350849567513
0.183
0.061
31254
----
4000
1651.3541772120504
0.2472
0.0824
31323
----
4500
2636.209672933611
0.3114
0.1038
31362
----
5000
3777.8322823999997
0.363
0.121
31228
----
5500
5362.307513662109
0.4254
0.1418
31258
----
6000
7708.931309995534
0.5112
0.1704
31421
----
6500
10454.85464559195
0.5886
0.1962
31534
----
7000
13485.480566630808
0.6546000000000001
0.2182
31535
----
7500
16662.93408774724
0.7074
0.2358
31409
----
8000
20725.723202640143
0.7704
0.2568
31528
----
8500
25386.41492347816
0.8358000000000001
0.2786
31531
----
9000
30413.54456879796
0.897
0.299
31395
----
9500
36197.316726547826
0.9605999999999999
0.3202
31315
----
10000
42101.9284211035
1.0098
0.3366
31270
----
10500
49003.15948622212
1.0656
0.3552
31283
----
11000
56486.267036707504
1.1184
0.3728
31305
----
11500
64704.90601701269
1.1712
0.3904
31330
----
12000
74377.00560337043
1.2372
0.4124
31310
----
12500
83058.27464428055
1.2774
0.4258
31209
----
13000
94937.09500410885
1.3482
0.4494
31249
----
13500
105078.91430422764
1.3776
0.4592
31388
----
14000
116500.89102737981
1.4298000000000002
0.4766
31177
----
14500
128707.43149138404
1.4724
0.4908
31180
----
15000
141752.70207038408
1.518
0.506
31125
----
15500
155750.8306794964
1.566
0.522
31046
----
16000
170798.45260059554
1.6092
0.5364
31093
----
16500
184277.08699975777
1.6374
0.5458
31001
----
17000
198629.77463013766
1.6614
0.5538
31024
----
17500
213969.34602462043
1.6919999999999997
0.564
30967
----
18000
227475.89534861338
1.7184
0.5728
30640
----
18500
247019.1771835051
1.7652
0.5884
30663
----
19000
265609.045522986
1.8102
0.6034
30481
----
19500
284373.505587744
1.839
0.613
30497
----
20000
302501.79316089104
1.8684
0.6228
30354
----
20500
322366.5520402283
1.8984
0.6328
30302
----
21000
344618.6613035151
1.9374000000000002
0.6458
30248
----
21500
365369.99095471477
1.9691999999999998
0.6564
30101
----
22000
384539.4145227608
1.983
0.661
30046
----
22500
409307.7601914176
2.0141999999999998
0.6714
30102
----
23000
432644.1854346074
2.037
0.679
30109
----
23500
454826.2844122475
2.0472
0.6824
30169
----
24000
481905.49810230837
2.0712
0.6904
30292
----
24500
508117.10446022096
2.0909999999999997
0.697
30359
----
25000
529969.8023123124
2.0976
0.6992
30315
----
25500
552180.1346075515
2.1078
0.7026
30212
----
26000
587010.984492031
2.142
0.714
30401
----
26500
614467.8030624621
2.1588000000000003
0.7196
30395
----
27000
645285.6019316002
2.1882
0.7294
30335
----
27500
667978.9410182091
2.1954000000000002
0.7318
30171
----
28000
696972.5227470946
2.2026
0.7342
30267
----
28500
734175.1353259301
2.2296
0.7432
30401
----
29000
764409.8864713049
2.235
0.745
30497
----
29500
800550.2714452358
2.2614
0.7538
30505
----
30000
834703.1613023047
2.2836
0.7612
30456
----
30500
867042.5689546949
2.2908
0.7636
30511
----
31000
898845.9434723073
2.2956
0.7652
30554
----
31500
928649.9018409516
2.2986
0.7662
30533
----
32000
961085.3631717692
2.3178
0.7726
30366
----
32500
999077.7393000015
2.3394000000000004
0.7798
30320
----
33000
1031829.0647110796
2.3466
0.7822
30279
----
33500
1072590.333291138
2.3604000000000003
0.7868
30364
----
34000
1104960.3712578048
2.358
0.786
30398
----
34500
1140075.3665249022
2.3568
0.7856
30477
----
35000
1187087.1375368198
2.3813999999999997
0.7938
30515
----
35500
1222509.1323536003
2.3928
0.7976
30401
----
36000
1265196.8740451082
2.4132
0.8044
30336
----
36500
1308661.0789344984
2.4210000000000003
0.807
30426
----
37000
1343087.3926571403
2.427
0.809
30313
----
37500
1389170.269327575
2.4276
0.8092
30515
----
38000
1428782.0185740222
2.4438
0.8146
30362
----
38500
1478205.8770523823
2.4546
0.8182
30467
----
39000
1529838.9911423544
2.4618
0.8206
30638
----
39500
1575957.7343699187
2.4702
0.8234
30663
----
40000
1622435.096847319
2.4768
0.8256
30701
----
40500
1670598.2929882025
2.4918
0.8306
30651
----
41000
1716102.751981364
2.4912
0.8304
30730
----
41500
1768190.992558071
2.5086000000000004
0.8362
30690
----
42000
1811702.733145611
2.5224
0.8408
30533
----
42500
1856920.5571078772
2.5182
0.8394
30614
----
43000
1903359.0481477985
2.5164
0.8388
30676
----
43500
1965196.3292472796
2.532
0.844
30758
----
44000
2020984.501785885
2.5452000000000004
0.8484
30756
----
p:  0.5 , triangle cnt:  2038236.3424659497
61641
5000
5000
500
0.08043743446289259
0.0012000000000000001
0.0004
20186
----
1000
2.055734326305261
0.006
0.002
25743
----
1500
17.342766349909983
0.020399999999999998
0.0068
28370
----
2000
61.92818337111422
0.039
0.013
29797
----
2500
183.60977535027007
0.07200000000000001
0.024
30620
----
3000
462.8660872150191
0.1242
0.0414
31071
----
3500
870.8736828467133
0.1704
0.0568
31302
----
4000
1623.119322139828
0.24180000000000001
0.0806
31475
----
4500
2536.0122235825083
0.2976
0.0992
31569
----
5000
3855.0514354800007
0.3654
0.1218
31657
----
5500
5749.213323568459
0.44880000000000003
0.1496
31766
----
6000
7889.908264718288
0.5184
0.1728
31712
----
6500
10228.043217585453
0.5724
0.1908
31723
----
7000
13393.472333426285
0.645
0.215
31786
----
7500
16595.216752236192
0.6972
0.2324
31739
----
8000
20518.08276801268
0.7584000000000001
0.2528
31706
----
8500
25457.345158450924
0.8328
0.2776
31733
----
9000
30716.140886677375
0.8982
0.2994
31665
----
9500
36630.276078919684
0.9653999999999999
0.3218
31532
----
10000
44098.47324107294
1.0482
0.3494
31553
----
10500
50643.41288553942
1.0896000000000001
0.3632
31618
----
11000
58175.45002467303
1.1376
0.3792
31697
----
11500
66871.9899158583
1.194
0.398
31761
----
12000
76112.05955619358
1.2462
0.4154
31809
----
12500
86223.83255712186
1.3086
0.4362
31626
----
13000
97197.90426658631
1.3572000000000002
0.4524
31781
----
13500
107628.65697868816
1.3896
0.4632
31872
----
14000
119542.03934363023
1.4382
0.4794
31804
----
14500
132089.33608774748
1.482
0.494
31792
----
15000
143436.56675048344
1.5048000000000001
0.5016
31771
----
15500
157754.1504692642
1.5461999999999998
0.5154
31848
----
16000
170593.6986813319
1.5672
0.5224
31888
----
16500
186061.9657921758
1.6032
0.5344
31969
----
17000
200814.38765617347
1.6392
0.5464
31790
----
17500
218370.71959270467
1.6830000000000003
0.561
31773
----
18000
236212.38077435663
1.7172
0.5724
31839
----
18500
251911.59499193632
1.7328000000000001
0.5776
31855
----
19000
269738.24574699596
1.758
0.586
31874
----
19500
289059.007222952
1.779
0.593
32045
----
20000
309775.55102760694
1.8114
0.6038
32062
----
20500
331933.14498105814
1.8498
0.6166
32021
----
21000
355002.38512135803
1.8858000000000001
0.6286
32012
----
21500
378514.1336075495
1.9085999999999999
0.6362
32174
----
22000
399888.8066258516
1.929
0.643
32120
----
22500
424914.4076983435
1.9614000000000003
0.6538
32091
----
23000
449130.68383897014
1.9860000000000002
0.662
32059
----
23500
477459.13575671066
2.0208
0.6736
32084
----
24000
503402.07757891173
2.0364
0.6788
32184
----
24500
530235.6795718638
2.0502000000000002
0.6834
32311
----
25000
553682.8481434148
2.064
0.688
32187
----
25500
586686.2723294514
2.0868
0.6956
32423
----
26000
611879.0289666684
2.1018
0.7006
32295
----
26500
640893.7616162146
2.1282
0.7094
32158
----
27000
666124.7901166517
2.1408
0.7136
32008
----
27500
687552.5834661379
2.1395999999999997
0.7132
31865
----
28000
723752.2066414187
2.1696
0.7232
31908
----
28500
758825.98414051
2.1845999999999997
0.7282
32069
----
29000
794066.4168747084
2.1966
0.7322
32234
----
29500
824164.9818188025
2.202
0.734
32252
----
30000
855089.4324756678
2.2206
0.7402
32085
----
30500
889042.9176442076
2.2314
0.7438
32118
----
31000
926086.1964096847
2.2578
0.7526
32007
----
31500
957158.4532163059
2.2601999999999998
0.7534
32005
----
32000
986120.7888864136
2.259
0.753
31968
----
32500
1021460.2918345759
2.2608
0.7536
32077
----
33000
1057924.2974087945
2.2824
0.7608
31918
----
33500
1091467.1080414022
2.286
0.762
31904
----
34000
1136766.9490258608
2.3022
0.7674
32031
----
34500
1184069.3894185496
2.325
0.775
32086
----
35000
1221089.2144817214
2.3202
0.7734
32217
----
35500
1271703.9795235684
2.3442
0.7814
32280
----
36000
1320926.0606907438
2.3651999999999997
0.7884
32315
----
36500
1355444.7368113368
2.3658
0.7886
32249
----
37000
1393639.9924078835
2.3646000000000003
0.7882
32284
----
37500
1447462.0880417638
2.379
0.793
32445
----
38000
1496369.5852420586
2.3928
0.7976
32476
----
38500
1545472.313676114
2.412
0.804
32416
----
39000
1593009.0184705616
2.418
0.806
32481
----
39500
1639733.7922152292
2.4156
0.8052
32625
----
40000
1698471.7445622978
2.4288
0.8096
32775
----
40500
1739498.8168584723
2.4408
0.8136
32582
----
41000
1787372.5319708725
2.4462
0.8154
32595
----
41500
1823535.948603538
2.4552
0.8184
32339
----
42000
1878438.3761565513
2.4618
0.8206
32437
----
42500
1921392.8217716184
2.4684
0.8228
32316
----
43000
1962229.401978703
2.4654
0.8218
32279
----
43500
2024332.3466834535
2.4779999999999998
0.826
32374
----
44000
2077782.231341161
2.4918
0.8306
32298
----
44500
2133223.3347407347
2.5092
0.8364
32194
----
45000
2180421.857685241
2.5128
0.8376
32133
----
45500
2223768.857197507
2.517
0.839
32002
----
46000
2277006.387748159
2.5176
0.8392
32052
----
46500
2332050.8813401726
2.5182
0.8394
32117
----
47000
2402764.4345382922
2.532
0.844
32214
----
47500
2463822.1404210306
2.5374
0.8458
32272
----
48000
2515476.035793172
2.541
0.847
32220
----
48500
2581363.860053743
2.5494
0.8498
32279
----
49000
2646737.268060584
2.562
0.854
32265
----
49500
2693795.4673189884
2.5638
0.8546
32156
----
50000
2743531.4436875745
2.5625999999999998
0.8542
32113
----
50500
2805003.9645697353
2.5644
0.8548
32163
----
51000
2872382.3253569915
2.5745999999999998
0.8582
32165
----
51500
2926159.4228676385
2.5722
0.8574
32164
----
52000
2993049.892922359
2.5776
0.8592
32202
----
52500
3054581.330011821
2.5776
0.8592
32241
----
53000
3123330.2148826174
2.5866
0.8622
32235
----
53500
3190674.4203075035
2.5812
0.8604
32385
----
54000
3256031.228722044
2.5848
0.8616
32394
----
54500
3364042.4195590257
2.6064
0.8688
32585
----
55000
3422793.386562389
2.6052
0.8684
32569
----
55500
3504594.1086677904
2.616
0.872
32614
----
56000
3570640.387295869
2.625
0.875
32526
----
56500
3650066.122371573
2.6298000000000004
0.8766
32604
----
57000
3704963.149030149
2.6274
0.8758
32546
----
57500
3764041.669365227
2.6238
0.8746
32537
----
58000
3858046.8375569046
2.637
0.879
32613
----
58500
3923655.183568637
2.64
0.88
32566
----
59000
4011092.231307696
2.6532
0.8844
32567
----
59500
4080805.9530291427
2.661
0.887
32483
----
60000
4125232.561224672
2.6646
0.8882
32248
----
60500
4207410.437846952
2.6646
0.8882
32349
----
61000
4264347.223739155
2.6634
0.8878
32266
----
61500
4323169.112874855
2.6574
0.8858
32254
----
p:  0.7 , triangle cnt:  4359268.08524574
88234
5000
5000
500
0.0
0.0
0.0
20300
----
1000
1.6539785326665335
0.0048000000000000004
0.0016
25890
----
1500
20.52407746765353
0.024
0.008
28538
----
2000
69.7765243789718
0.0438
0.0146
29894
----
2500
216.92517544395278
0.0846
0.0282
30788
----
3000
522.3956148580276
0.1398
0.0466
31154
----
3500
1016.0040143327866
0.198
0.066
31428
----
4000
1832.3397377031404
0.27
0.09
31821
----
4500
2793.340737804041
0.324
0.108
31939
----
5000
4215.500731200001
0.396
0.132
31942
----
5500
6084.389209739699
0.4734
0.1578
31871
----
6000
8292.667484775546
0.5424
0.1808
31856
----
6500
11195.278820593672
0.6228
0.2076
31913
----
7000
14170.839698765354
0.6816
0.2272
31825
----
7500
17845.021931892363
0.7494
0.2498
31752
----
8000
22049.25741406768
0.8141999999999999
0.2714
31737
----
8500
26803.558490494695
0.879
0.293
31655
----
9000
32115.200774823734
0.9384000000000001
0.3128
31689
----
9500
37611.37134429974
0.9870000000000001
0.329
31668
----
10000
43637.088436458165
1.032
0.344
31713
----
10500
50585.17034221448
1.0812
0.3604
31827
----
11000
58435.0374994493
1.1412
0.3804
31738
----
11500
66382.99706160605
1.1874
0.3958
31704
----
12000
75470.15642339752
1.2408000000000001
0.4136
31678
----
12500
84523.8570363383
1.2792
0.4264
31715
----
13000
95343.04768967192
1.3326
0.4442
31750
----
13500
107368.63543666509
1.3896
0.4632
31795
----
14000
118696.74808605824
1.431
0.477
31738
----
14500
130670.01337695109
1.4682
0.4894
31746
----
15000
141270.28790300668
1.4868
0.4956
31670
----
15500
155089.58883584753
1.5294
0.5098
31654
----
16000
168066.80961108793
1.5528
0.5176
31707
----
16500
182550.16935474216
1.59
0.53
31626
----
17000
198432.94479403345
1.6278
0.5426
31633
----
17500
214249.39278228633
1.6673999999999998
0.5558
31465
----
18000
229045.18241314133
1.6986
0.5662
31211
----
18500
245770.46870926605
1.7196000000000002
0.5732
31317
----
19000
264228.48248321016
1.7544
0.5848
31287
----
19500
282628.9889051721
1.7885999999999997
0.5962
31164
----
20000
301510.8588550728
1.8144
0.6048
31155
----
20500
319810.53475468163
1.8378
0.6126
31053
----
21000
341504.70569746144
1.8731999999999998
0.6244
31002
----
21500
358772.6965697112
1.8834
0.6278
30904
----
22000
383412.95005422796
1.9217999999999997
0.6406
30912
----
22500
404709.9565698522
1.9392
0.6464
30915
----
23000
428639.0545137329
1.959
0.653
31018
----
23500
453631.8380601425
1.98
0.66
31111
----
24000
474310.4989080372
1.9937999999999998
0.6646
30972
----
24500
496262.2378107995
2.0088
0.6696
30864
----
25000
526403.6043286104
2.0412
0.6804
30943
----
25500
552085.7172323153
2.0544
0.6848
30992
----
26000
581267.2519082186
2.0814
0.6938
30980
----
26500
607874.3431887395
2.097
0.699
30955
----
27000
638864.4552820553
2.1264
0.7088
30906
----
27500
662673.6015370585
2.133
0.711
30807
----
28000
690479.7978522673
2.1414
0.7138
30842
----
28500
722526.9651768815
2.1618
0.7206
30857
----
29000
758016.7018702878
2.1918
0.7306
30838
----
29500
789718.2995822979
2.202
0.734
30904
----
30000
821529.5518893067
2.2104
0.7368
30968
----
30500
849745.474678456
2.2182
0.7394
30881
----
31000
883327.2657099684
2.2302
0.7434
30907
----
31500
918921.4834865096
2.2446
0.7482
30940
----
32000
945199.7099424121
2.2446
0.7482
30838
----
32500
987010.5499441472
2.2752
0.7584
30799
----
33000
1021636.703454222
2.2938
0.7646
30670
----
33500
1061475.5450379287
2.3106
0.7702
30697
----
34000
1095473.6912028044
2.3202
0.7734
30628
----
34500
1131645.3137805678
2.3286
0.7762
30618
----
35000
1178397.2258428282
2.3544
0.7848
30639
----
35500
1214268.252403296
2.3616
0.7872
30595
----
36000
1261811.3781512536
2.3772
0.7924
30713
----
36500
1298785.2742775548
2.3777999999999997
0.7926
30745
----
37000
1339884.0674772048
2.382
0.794
30812
----
37500
1381967.3228339548
2.3922
0.7974
30806
----
38000
1422836.9915025395
2.3970000000000002
0.799
30826
----
38500
1472923.695924986
2.4186
0.8062
30810
----
39000
1523779.472380955
2.43
0.81
30916
----
39500
1563890.1565439482
2.4354
0.8118
30863
----
40000
1604803.549571966
2.439
0.813
30838
----
40500
1649473.6774459772
2.4426
0.8142
30873
----
41000
1710543.4763220935
2.4762
0.8254
30816
----
41500
1744216.388450531
2.4762
0.8254
30670
----
42000
1794307.0422375693
2.4816000000000003
0.8272
30737
----
42500
1833682.3565500223
2.4888
0.8296
30588
----
43000
1878860.268193792
2.4989999999999997
0.833
30492
----
43500
1924885.0588361614
2.5026
0.8342
30481
----
44000
1987062.9552372324
2.5182
0.8394
30564
----
44500
2033031.8938938337
2.5188
0.8396
30565
----
45000
2091988.435920104
2.5296
0.8432
30625
----
45500
2123268.737607355
2.5164
0.8388
30563
----
46000
2178303.9650589344
2.5229999999999997
0.841
30597
----
46500
2243222.5168512
2.5422000000000002
0.8474
30602
----
47000
2295046.1060527675
2.5488
0.8496
30567
----
47500
2348919.483431394
2.5469999999999997
0.849
30651
----
48000
2397272.7362716044
2.5488
0.8496
30612
----
48500
2450650.0454778504
2.5572
0.8524
30551
----
49000
2512920.1830162024
2.5734
0.8578
30498
----
49500
2552939.1241139257
2.562
0.854
30496
----
50000
2618100.553892251
2.5745999999999998
0.8582
30502
----
50500
2684594.101054377
2.5722
0.8574
30689
----
51000
2755555.0234978707
2.5848
0.8616
30735
----
51500
2826466.5805763016
2.5914
0.8638
30838
----
52000
2891999.8418113478
2.6064
0.8688
30771
----
52500
2935539.4853428644
2.6082
0.8694
30621
----
53000
3016587.1858240115
2.622
0.874
30713
----
53500
3050264.6582535086
2.6166
0.8722
30541
----
54000
3107947.265560043
2.6136
0.8712
30580
----
54500
3185295.7098219655
2.6268000000000002
0.8756
30614
----
55000
3251321.200800401
2.6262
0.8754
30690
----
55500
3325729.038216881
2.637
0.879
30703
----
56000
3394845.830666031
2.6424000000000003
0.8808
30721
----
56500
3452593.413985774
2.6418
0.8806
30700
----
57000
3534054.6138242413
2.6555999999999997
0.8852
30715
----
57500
3585700.4275116455
2.6538000000000004
0.8846
30645
----
58000
3653776.943132859
2.6562
0.8854
30663
----
58500
3729646.598107184
2.6568
0.8856
30760
----
59000
3807772.514034802
2.6652
0.8884
30777
----
59500
3892676.0975073148
2.6772
0.8924
30798
----
60000
3951371.909835227
2.6742
0.8914
30778
----
60500
4028257.87885813
2.6837999999999997
0.8946
30750
----
61000
4104995.1562831323
2.6921999999999997
0.8974
30728
----
61500
4181137.99501028
2.6957999999999998
0.8986
30750
----
62000
4245776.850713709
2.6928
0.8976
30758
----
62500
4307214.573807224
2.697
0.899
30658
----
63000
4358307.0633804025
2.6964
0.8988
30538
----
63500
4441132.9116204055
2.7096
0.9032
30481
----
64000
4526460.0535257235
2.7066
0.9022
30617
----
64500
4621657.5906553315
2.7228
0.9076
30595
----
65000
4686681.979510428
2.7102
0.9034
30692
----
65500
4789460.497939086
2.7168
0.9056
30813
----
66000
4867433.268199787
2.7228
0.9076
30774
----
66500
4920194.112813725
2.7161999999999997
0.9054
30716
----
67000
4968603.816558859
2.7138
0.9046
30584
----
67500
5058321.075330311
2.7197999999999998
0.9066
30609
----
68000
5139298.69136786
2.7282
0.9094
30549
----
68500
5224032.74409725
2.7282
0.9094
30601
----
69000
5337161.308183486
2.7396000000000003
0.9132
30684
----
69500
5429485.745852318
2.739
0.913
30774
----
70000
5496889.681591379
2.7378
0.9126
30726
----
70500
5588577.474205534
2.7401999999999997
0.9134
30770
----
71000
5635413.074908369
2.7413999999999996
0.9138
30579
----
71500
5712017.001464941
2.742
0.914
30556
----
72000
5819878.941769702
2.7552
0.9184
30555
----
72500
5918371.707690912
2.7588
0.9196
30605
----
73000
6012178.652562614
2.7612
0.9204
30639
----
73500
6108014.333060547
2.7606
0.9202
30712
----
74000
6195906.844028683
2.7618
0.9206
30721
----
74500
6292608.234725997
2.7653999999999996
0.9218
30743
----
75000
6393187.543195408
2.7648
0.9216
30826
----
75500
6487729.536170425
2.763
0.921
30889
----
76000
6592942.324586701
2.7726
0.9242
30871
----
76500
6713134.587615594
2.7762000000000002
0.9254
30984
----
77000
6813338.92881859
2.7774
0.9258
31026
----
77500
6903380.8440879835
2.778
0.926
31025
----
78000
6969334.534165592
2.763
0.921
31089
----
78500
7089527.862040908
2.7738
0.9246
31102
----
79000
7174053.594481353
2.7786
0.9262
31022
----
79500
7306884.092339524
2.7923999999999998
0.9308
31046
----
80000
7389859.68453073
2.7882
0.9294
31054
----
80500
7478821.99158649
2.781
0.927
31119
----
81000
7634649.608538521
2.7978
0.9326
31188
----
81500
7721080.707620586
2.7954
0.9318
31182
----
82000
7849984.244129359
2.8032
0.9344
31230
----
82500
7917908.367130191
2.7966
0.9322
31193
----
83000
8030824.084069635
2.7990000000000004
0.933
31231
----
83500
8105147.157786528
2.7996
0.9332
31137
----
84000
8250455.524012246
2.8074
0.9358
31232
----
84500
8353598.71276034
2.8068
0.9356
31256
----
85000
8414883.533953194
2.7936
0.9312
31263
----
85500
8548065.081021084
2.7876000000000003
0.9292
31455
----
86000
8683418.487607127
2.7942
0.9314
31508
----
86500
8805047.289510733
2.7882
0.9294
31649
----
87000
8959682.490789123
2.793
0.931
31781
----
87500
9100149.869583897
2.7954
0.9318
31884
----
88000
9240455.872324742
2.8044
0.9348
31906
----
p:  1 , triangle cnt:  9265051.456836015

Process finished with exit code 0
